<?xml version="1.0" encoding="UTF-8"?>
<!-- Generated by org.testng.reporters.JUnitXMLReporter -->
<testsuite ignored="1" hostname="SHLOK" failures="1" tests="3" name="Test" time="44.756" errors="0" timestamp="2024-02-20T23:55:32 IST">
  <testcase classname="tests.AbPageTest" name="test01" time="7.606"/>
  <testcase classname="tests.AbPageTest" name="test02" time="6.472">
    <failure type="java.lang.AssertionError" message="expected [Powered by] but found [Powered by Elemental Selenium]">
      <![CDATA[java.lang.AssertionError: expected [Powered by] but found [Powered by Elemental Selenium]
at tests.AbPageTest.test02(AbPageTest.java:38)
at java.base/java.util.ArrayList.forEach(ArrayList.java:1511)
... Removed 33 stack frames]]>
    </failure>
  </testcase> <!-- test02 -->
  <testcase classname="tests.AddRemoveElementsTest" name="test01" time="6.495"/>
  <testcase classname="basepackage.BaseClassForInit" name="@BeforeTest readPropertyFile" time="0.0">
    <ignored/>
  </testcase> <!-- @BeforeTest readPropertyFile -->
</testsuite> <!-- Test -->
